<?xml version="1.0" encoding="UTF-8"?>
<testng-results ignored="0" total="1" passed="1" failed="0" skipped="0">
  <reporter-output>
  </reporter-output>
  <suite started-at="2024-08-31T12:33:54 IST" name="Default suite" finished-at="2024-08-31T12:33:59 IST" duration-ms="4336">
    <groups>
    </groups>
    <test started-at="2024-08-31T12:33:54 IST" name="Default test" finished-at="2024-08-31T12:33:59 IST" duration-ms="4336">
      <class name="testcases.VerifyProductCartPrice">
        <test-method signature="testMEthod()[pri:0, instance:testcases.VerifyProductCartPrice@45099dd3]" started-at="2024-08-31T12:33:54 IST" name="testMEthod" finished-at="2024-08-31T12:33:59 IST" duration-ms="4297" status="PASS">
          <reporter-output>
          </reporter-output>
        </test-method> <!-- testMEthod -->
      </class> <!-- testcases.VerifyProductCartPrice -->
    </test> <!-- Default test -->
  </suite> <!-- Default suite -->
</testng-results>
